2024-01-12 21:10:06:106 - [32minfo[39m - [32mconectou ao banco[39m
2024-01-12 21:10:06:106 - [32minfo[39m - [32mServer is running on port[39m
2024-01-12 21:10:18:1018 - [35mhttp[39m - [35mPOST /tester/test 200 51 - 5.720 s[39m
[35m[39m
2024-01-12 21:13:50:1350 - [32minfo[39m - [32mconectou ao banco[39m
2024-01-12 21:13:50:1350 - [32minfo[39m - [32mServer is running on port[39m
2024-01-12 21:13:58:1358 - [32minfo[39m - [32mconectou ao banco[39m
2024-01-12 21:13:58:1358 - [32minfo[39m - 
2024-01-12 21:14:08:148 - [32minfo[39m - [32mconectou ao banco[39m
2024-01-12 21:14:08:148 - [32minfo[39m - [32mServer is running on port 3333[39m
2024-01-12 21:14:49:1449 - [32minfo[39m - [32mConnected at database[39m
2024-01-12 21:14:49:1449 - [32minfo[39m - [32mServer is running on port 3333[39m
2024-01-12 21:15:01:151 - [32minfo[39m - [32mConnected at database[39m
2024-01-12 21:15:01:151 - [32minfo[39m - [32mServer is running on port 3333[39m
2024-01-12 22:04:25:425 - [32minfo[39m - [32mConnected at database[39m
2024-01-12 22:04:25:425 - [32minfo[39m - [32mServer is running on port 3333[39m
2024-01-12 22:04:36:436 - [32minfo[39m - [32mConnected at database[39m
2024-01-12 22:04:36:436 - [32minfo[39m - [32mServer is running on port 3333[39m
2024-01-12 22:09:22:922 - [32minfo[39m - [32mConnected at database[39m
2024-01-12 22:09:22:922 - [32minfo[39m - [32mServer is running on port 3333[39m
